2024/09/18 20:32:49 Row with id = 255 not found
2024/09/18 20:33:31 Row with id = 255 not found
2024/09/19 09:22:50 Row with id = 255 not found
2024/09/19 09:41:35 Row update error: ОШИБКА: ошибка синтаксиса (примерное положение: "=") (SQLSTATE 42601)
2024/09/19 09:43:47 Row update error: ОШИБКА: ошибка синтаксиса (примерное положение: "=") (SQLSTATE 42601)
2024/09/19 09:44:44 Row update error: ОШИБКА: ошибка синтаксиса (примерное положение: "=") (SQLSTATE 42601)
2024/09/19 09:45:24 Row update error: ОШИБКА: ошибка синтаксиса (примерное положение: "=") (SQLSTATE 42601)
2024/09/19 09:46:48 Row update error: ОШИБКА: ошибка синтаксиса (примерное положение: "=") (SQLSTATE 42601)
2024/09/19 09:47:01 Row update error: ОШИБКА: ошибка синтаксиса (примерное положение: "=") (SQLSTATE 42601)
2024/09/19 09:49:53 Row update error: ОШИБКА: ошибка синтаксиса (примерное положение: "=") (SQLSTATE 42601)
2024/09/19 09:53:17 Row update error: ОШИБКА: ошибка синтаксиса (примерное положение: "=") (SQLSTATE 42601)
2024/09/19 13:00:59 Row insertion error: ОШИБКА: повторяющееся значение ключа нарушает ограничение уникальности "dialogs_pkey" (SQLSTATE 23505)
2024/09/19 13:00:59 Row with id = 1 not found
2024/09/19 13:01:33 Row insertion error: ОШИБКА: повторяющееся значение ключа нарушает ограничение уникальности "dialogs_pkey" (SQLSTATE 23505)
2024/09/19 13:01:33 Row with id = 1 not found
2024/09/19 13:01:44 Row insertion error: ОШИБКА: повторяющееся значение ключа нарушает ограничение уникальности "dialogs_pkey" (SQLSTATE 23505)
2024/09/19 13:01:56 Row insertion error: ОШИБКА: повторяющееся значение ключа нарушает ограничение уникальности "dialogs_pkey" (SQLSTATE 23505)
2024/09/19 15:49:05 Row insertion error: ОШИБКА: повторяющееся значение ключа нарушает ограничение уникальности "dialogs_pkey" (SQLSTATE 23505)
2024/09/19 15:50:29 Row insertion error: ОШИБКА: повторяющееся значение ключа нарушает ограничение уникальности "dialogs_pkey" (SQLSTATE 23505)
2024/09/19 15:51:11 Row insertion error: ОШИБКА: повторяющееся значение ключа нарушает ограничение уникальности "dialogs_pkey" (SQLSTATE 23505)
2024/09/19 15:51:47 Row insertion error: ОШИБКА: повторяющееся значение ключа нарушает ограничение уникальности "dialogs_pkey" (SQLSTATE 23505)
2024/09/19 15:51:47 Row insertion error: ОШИБКА: повторяющееся значение ключа нарушает ограничение уникальности "users_pkey" (SQLSTATE 23505)
2024/09/19 15:52:57 Row insertion error: ОШИБКА: повторяющееся значение ключа нарушает ограничение уникальности "dialogs_pkey" (SQLSTATE 23505)
2024/09/19 15:52:57 Row insertion error: ОШИБКА: повторяющееся значение ключа нарушает ограничение уникальности "users_pkey" (SQLSTATE 23505)
2024/09/19 17:00:22 Dialog by id: &{dialogs 1 Mee MyFriends}
2024/09/19 17:04:22 Dialog by id: &{dialogs 1 Mee MyFriends}
2024/09/19 17:05:25 Dialog by id: &{dialogs 1 Mee MyFriends}
2024/09/19 17:07:23 Dialog by id: &{dialogs 1 Mee MyFriends}
2024/09/23 10:38:20 Error creating table: ОШИБКА: ошибка синтаксиса (примерное положение: "not") (SQLSTATE 42601)
